Library/Bee/Android/Prj/Mono2x/Gradle/launcher/build/intermediates/manifest_merge_blame_file/release/manifest-merger-blame-release-report.txt
1<?xml version="1.0" encoding="utf-8"?>
2<manifest xmlns:android="http://schemas.android.com/apk/res/android"
3    package="com.DefaultCompany.UnityAvatar"
4    android:installLocation="preferExternal"
5    android:versionCode="1"
6    android:versionName="0.1" >
7
8    <uses-sdk
9        android:minSdkVersion="22"
9-->src\main\AndroidManifest.xml
10        android:targetSdkVersion="32" />
10-->src\main\AndroidManifest.xml
11
12    <supports-screens
12-->src\main\AndroidManifest.xml:4:3-163
13        android:anyDensity="true"
13-->src\main\AndroidManifest.xml:4:135-160
14        android:largeScreens="true"
14-->src\main\AndroidManifest.xml:4:78-105
15        android:normalScreens="true"
15-->src\main\AndroidManifest.xml:4:49-77
16        android:smallScreens="true"
16-->src\main\AndroidManifest.xml:4:21-48
17        android:xlargeScreens="true" />
17-->src\main\AndroidManifest.xml:4:106-134
18
19    <uses-permission android:name="android.permission.INTERNET" />
19-->[:unityLibrary] AndroidManifest.xml:10:5-67
19-->[:unityLibrary] AndroidManifest.xml:10:22-64
20    <uses-permission android:name="android.permission.ACCESS_NETWORK_STATE" />
20-->[:unityLibrary] AndroidManifest.xml:11:5-79
20-->[:unityLibrary] AndroidManifest.xml:11:22-76
21    <uses-permission android:name="android.permission.CAMERA" />
21-->[:unityLibrary] AndroidManifest.xml:12:5-65
21-->[:unityLibrary] AndroidManifest.xml:12:22-62
22    <uses-permission android:name="android.permission.RECORD_AUDIO" />
22-->[:unityLibrary] AndroidManifest.xml:13:5-71
22-->[:unityLibrary] AndroidManifest.xml:13:22-68
23    <uses-permission android:name="android.permission.MODIFY_AUDIO_SETTINGS" />
23-->[:unityLibrary] AndroidManifest.xml:14:5-80
23-->[:unityLibrary] AndroidManifest.xml:14:22-77
24    <uses-permission android:name="android.permission.BLUETOOTH" />
24-->[:unityLibrary] AndroidManifest.xml:15:5-68
24-->[:unityLibrary] AndroidManifest.xml:15:22-65
25
26    <uses-feature android:glEsVersion="0x00030000" />
26-->[:unityLibrary] AndroidManifest.xml:17:5-54
26-->[:unityLibrary] AndroidManifest.xml:17:19-51
27    <uses-feature
27-->[:unityLibrary] AndroidManifest.xml:18:5-20:36
28        android:name="android.hardware.camera"
28-->[:unityLibrary] AndroidManifest.xml:19:9-47
29        android:required="false" />
29-->[:unityLibrary] AndroidManifest.xml:20:9-33
30    <uses-feature
30-->[:unityLibrary] AndroidManifest.xml:21:5-23:36
31        android:name="android.hardware.camera.autofocus"
31-->[:unityLibrary] AndroidManifest.xml:22:9-57
32        android:required="false" />
32-->[:unityLibrary] AndroidManifest.xml:23:9-33
33    <uses-feature
33-->[:unityLibrary] AndroidManifest.xml:24:5-26:36
34        android:name="android.hardware.camera.front"
34-->[:unityLibrary] AndroidManifest.xml:25:9-53
35        android:required="false" />
35-->[:unityLibrary] AndroidManifest.xml:26:9-33
36    <uses-feature
36-->[:unityLibrary] AndroidManifest.xml:27:5-29:36
37        android:name="android.hardware.microphone"
37-->[:unityLibrary] AndroidManifest.xml:28:9-51
38        android:required="false" />
38-->[:unityLibrary] AndroidManifest.xml:29:9-33
39    <uses-feature
39-->[:unityLibrary] AndroidManifest.xml:30:5-32:36
40        android:name="android.hardware.touchscreen"
40-->[:unityLibrary] AndroidManifest.xml:31:9-52
41        android:required="false" />
41-->[:unityLibrary] AndroidManifest.xml:32:9-33
42    <uses-feature
42-->[:unityLibrary] AndroidManifest.xml:33:5-35:36
43        android:name="android.hardware.touchscreen.multitouch"
43-->[:unityLibrary] AndroidManifest.xml:34:9-63
44        android:required="false" />
44-->[:unityLibrary] AndroidManifest.xml:35:9-33
45    <uses-feature
45-->[:unityLibrary] AndroidManifest.xml:36:5-38:36
46        android:name="android.hardware.touchscreen.multitouch.distinct"
46-->[:unityLibrary] AndroidManifest.xml:37:9-72
47        android:required="false" />
47-->[:unityLibrary] AndroidManifest.xml:38:9-33
48
49    <application
49-->src\main\AndroidManifest.xml:3:3-83
50        android:extractNativeLibs="true"
50-->[:unityLibrary] AndroidManifest.xml:40:18-50
51        android:icon="@mipmap/app_icon"
51-->src\main\AndroidManifest.xml:3:49-80
52        android:label="@string/app_name" >
52-->src\main\AndroidManifest.xml:3:16-48
53        <meta-data
53-->[:unityLibrary] AndroidManifest.xml:41:9-43:33
54            android:name="unity.splash-mode"
54-->[:unityLibrary] AndroidManifest.xml:42:13-45
55            android:value="0" />
55-->[:unityLibrary] AndroidManifest.xml:43:13-30
56        <meta-data
56-->[:unityLibrary] AndroidManifest.xml:44:9-46:36
57            android:name="unity.splash-enable"
57-->[:unityLibrary] AndroidManifest.xml:45:13-47
58            android:value="True" />
58-->[:unityLibrary] AndroidManifest.xml:46:13-33
59        <meta-data
59-->[:unityLibrary] AndroidManifest.xml:47:9-49:36
60            android:name="unity.launch-fullscreen"
60-->[:unityLibrary] AndroidManifest.xml:48:13-51
61            android:value="True" />
61-->[:unityLibrary] AndroidManifest.xml:49:13-33
62        <meta-data
62-->[:unityLibrary] AndroidManifest.xml:50:9-52:50
63            android:name="notch.config"
63-->[:unityLibrary] AndroidManifest.xml:51:13-40
64            android:value="portrait|landscape" />
64-->[:unityLibrary] AndroidManifest.xml:52:13-47
65        <meta-data
65-->[:unityLibrary] AndroidManifest.xml:53:9-55:36
66            android:name="unity.auto-report-fully-drawn"
66-->[:unityLibrary] AndroidManifest.xml:54:13-57
67            android:value="true" />
67-->[:unityLibrary] AndroidManifest.xml:55:13-33
68
69        <activity
69-->[:unityLibrary] AndroidManifest.xml:57:9-78:20
70            android:name="com.unity3d.player.UnityPlayerActivity"
70-->[:unityLibrary] AndroidManifest.xml:58:13-66
71            android:configChanges="mcc|mnc|locale|touchscreen|keyboard|keyboardHidden|navigation|orientation|screenLayout|uiMode|screenSize|smallestScreenSize|fontScale|layoutDirection|density"
71-->[:unityLibrary] AndroidManifest.xml:59:13-194
72            android:exported="true"
72-->[:unityLibrary] AndroidManifest.xml:60:13-36
73            android:hardwareAccelerated="false"
73-->[:unityLibrary] AndroidManifest.xml:61:13-48
74            android:launchMode="singleTask"
74-->[:unityLibrary] AndroidManifest.xml:62:13-44
75            android:resizeableActivity="false"
75-->[:unityLibrary] AndroidManifest.xml:63:13-47
76            android:screenOrientation="fullUser"
76-->[:unityLibrary] AndroidManifest.xml:64:13-49
77            android:theme="@style/UnityThemeSelector" >
77-->[:unityLibrary] AndroidManifest.xml:65:13-54
78            <intent-filter>
78-->[:unityLibrary] AndroidManifest.xml:66:13-70:29
79                <category android:name="android.intent.category.LAUNCHER" />
79-->[:unityLibrary] AndroidManifest.xml:67:17-77
79-->[:unityLibrary] AndroidManifest.xml:67:27-74
80
81                <action android:name="android.intent.action.MAIN" />
81-->[:unityLibrary] AndroidManifest.xml:69:17-69
81-->[:unityLibrary] AndroidManifest.xml:69:25-66
82            </intent-filter>
83
84            <meta-data
84-->[:unityLibrary] AndroidManifest.xml:72:13-74:40
85                android:name="unityplayer.UnityActivity"
85-->[:unityLibrary] AndroidManifest.xml:73:17-57
86                android:value="true" />
86-->[:unityLibrary] AndroidManifest.xml:74:17-37
87            <meta-data
87-->[:unityLibrary] AndroidManifest.xml:75:13-77:40
88                android:name="notch_support"
88-->[:unityLibrary] AndroidManifest.xml:76:17-45
89                android:value="true" />
89-->[:unityLibrary] AndroidManifest.xml:77:17-37
90        </activity>
91    </application>
92
93</manifest>